<?xml version="1.0" encoding="UTF-8"?>
<!-- Generated by org.testng.reporters.JUnitReportReporter -->
<testsuite hostname="DESKTOP-GRUJ0M8" failures="0" tests="6" name="runners.RunnerTest2" time="45.572" errors="2" timestamp="2025-03-23T09:44:28 IST" skipped="0">
  <testcase classname="runners.RunnerTest2" name="runScenario" time="5.626">
    <error message="unexpected alert open: {Alert text : User does not exist.}
  (Session info: chrome=134.0.6998.89): User does not exist.
Build info: version: &#039;4.29.0&#039;, revision: &#039;5fc1ec94cb&#039;
System info: os.name: &#039;Windows 11&#039;, os.arch: &#039;amd64&#039;, os.version: &#039;10.0&#039;, java.version: &#039;21.0.6&#039;
Driver info: org.openqa.selenium.chrome.ChromeDriver
Command: [f4875812fd57d2f793c8ba485cc91676, findElement {using=id, value=logout2}]
Capabilities {acceptInsecureCerts: false, browserName: chrome, browserVersion: 134.0.6998.89, chrome: {chromedriverVersion: 134.0.6998.165 (fd886e2cb29..., userDataDir: C:\Users\bhara\AppData\Loca...}, fedcm:accounts: true, goog:chromeOptions: {debuggerAddress: localhost:55159}, networkConnectionEnabled: false, pageLoadStrategy: normal, platformName: windows, proxy: Proxy(), se:cdp: ws://localhost:55159/devtoo..., se:cdpVersion: 134.0.6998.89, setWindowRect: true, strictFileInteractability: false, timeouts: {implicit: 0, pageLoad: 300000, script: 30000}, unhandledPromptBehavior: dismiss and notify, webauthn:extension:credBlob: true, webauthn:extension:largeBlob: true, webauthn:extension:minPinLength: true, webauthn:extension:prf: true, webauthn:virtualAuthenticators: true}
Session ID: f4875812fd57d2f793c8ba485cc91676" type="org.openqa.selenium.UnhandledAlertException">
      <![CDATA[org.openqa.selenium.UnhandledAlertException: unexpected alert open: {Alert text : User does not exist.}
  (Session info: chrome=134.0.6998.89): User does not exist.
Build info: version: '4.29.0', revision: '5fc1ec94cb'
System info: os.name: 'Windows 11', os.arch: 'amd64', os.version: '10.0', java.version: '21.0.6'
Driver info: org.openqa.selenium.chrome.ChromeDriver
Command: [f4875812fd57d2f793c8ba485cc91676, findElement {using=id, value=logout2}]
Capabilities {acceptInsecureCerts: false, browserName: chrome, browserVersion: 134.0.6998.89, chrome: {chromedriverVersion: 134.0.6998.165 (fd886e2cb29..., userDataDir: C:\Users\bhara\AppData\Loca...}, fedcm:accounts: true, goog:chromeOptions: {debuggerAddress: localhost:55159}, networkConnectionEnabled: false, pageLoadStrategy: normal, platformName: windows, proxy: Proxy(), se:cdp: ws://localhost:55159/devtoo..., se:cdpVersion: 134.0.6998.89, setWindowRect: true, strictFileInteractability: false, timeouts: {implicit: 0, pageLoad: 300000, script: 30000}, unhandledPromptBehavior: dismiss and notify, webauthn:extension:credBlob: true, webauthn:extension:largeBlob: true, webauthn:extension:minPinLength: true, webauthn:extension:prf: true, webauthn:virtualAuthenticators: true}
Session ID: f4875812fd57d2f793c8ba485cc91676
at org.openqa.selenium.remote.codec.w3c.W3CHttpResponseCodec.decode(W3CHttpResponseCodec.java:136)
at org.openqa.selenium.remote.codec.w3c.W3CHttpResponseCodec.decode(W3CHttpResponseCodec.java:50)
at org.openqa.selenium.remote.HttpCommandExecutor.execute(HttpCommandExecutor.java:215)
at org.openqa.selenium.remote.service.DriverCommandExecutor.invokeExecute(DriverCommandExecutor.java:216)
at org.openqa.selenium.remote.service.DriverCommandExecutor.execute(DriverCommandExecutor.java:174)
at org.openqa.selenium.remote.RemoteWebDriver.execute(RemoteWebDriver.java:545)
at org.openqa.selenium.remote.ElementLocation$ElementFinder$2.findElement(ElementLocation.java:165)
at org.openqa.selenium.remote.ElementLocation.findElement(ElementLocation.java:59)
at org.openqa.selenium.remote.RemoteWebDriver.findElement(RemoteWebDriver.java:368)
at org.openqa.selenium.remote.RemoteWebDriver.findElement(RemoteWebDriver.java:362)
at org.openqa.selenium.support.ui.ExpectedConditions$7.apply(ExpectedConditions.java:194)
at org.openqa.selenium.support.ui.ExpectedConditions$7.apply(ExpectedConditions.java:190)
at org.openqa.selenium.support.ui.ExpectedConditions$22.apply(ExpectedConditions.java:627)
at org.openqa.selenium.support.ui.ExpectedConditions$22.apply(ExpectedConditions.java:624)
at org.openqa.selenium.support.ui.FluentWait.until(FluentWait.java:203)
at pages.DemoBlazeHomePage.clickLogout(DemoBlazeHomePage.java:28)
at steps.StepDefinitions.the_home_page_should_be_displayed_with_signout_link(StepDefinitions.java:51)
at ✽.the home page should be displayed with signout link(file:///D:/edureka16/workspace/seleniumbddautomationproject/features/LoginWithScenarioOutlineExample.feature:19)
]]>
    </error>
    <system-out>
      <![CDATA[Opened the Browser
Launched the browser with the URL:=https://www.demoblaze.com/index.html
Clicked the field with locator:=By.id: login2
Set the field with locator:=By.id: loginusername with value:=bharathedu2
Set the field with locator:=By.id: loginpassword with value:=welcome1
Clicked the field with locator:=By.xpath: //button[text()='Log in']]]>
    </system-out>
  </testcase> <!-- runScenario -->
  <testcase classname="runners.RunnerTest2" name="runScenario" time="11.006">
    <system-out>
      <![CDATA[Opened the Browser
Launched the browser with the URL:=https://www.demoblaze.com/index.html
Clicked the field with locator:=By.id: login2
Set the field with locator:=By.id: loginusername with value:=bharathedu1
Set the field with locator:=By.id: loginpassword with value:=308049
Clicked the field with locator:=By.xpath: //button[text()='Log in']]]>
    </system-out>
  </testcase> <!-- runScenario -->
  <testcase classname="runners.RunnerTest2" name="runScenario" time="6.713">
    <system-out>
      <![CDATA[Opened the Browser
Launched the browser with the URL:=https://www.demoblaze.com/index.html
Clicked the field with locator:=By.id: login2
Set the field with locator:=By.id: loginusername with value:=bharathedu1
Set the field with locator:=By.id: loginpassword with value:=123456
Clicked the field with locator:=By.xpath: //button[text()='Log in']
Clicked the field with locator:=By.id: logout2]]>
    </system-out>
  </testcase> <!-- runScenario -->
  <testcase classname="runners.RunnerTest2" name="runScenario" time="5.742">
    <error message="unexpected alert open: {Alert text : Wrong password.}
  (Session info: chrome=134.0.6998.89): Wrong password.
Build info: version: &#039;4.29.0&#039;, revision: &#039;5fc1ec94cb&#039;
System info: os.name: &#039;Windows 11&#039;, os.arch: &#039;amd64&#039;, os.version: &#039;10.0&#039;, java.version: &#039;21.0.6&#039;
Driver info: org.openqa.selenium.chrome.ChromeDriver
Command: [6b35bfca721d3145258a8d0cc5d1106b, findElement {using=id, value=logout2}]
Capabilities {acceptInsecureCerts: false, browserName: chrome, browserVersion: 134.0.6998.89, chrome: {chromedriverVersion: 134.0.6998.165 (fd886e2cb29..., userDataDir: C:\Users\bhara\AppData\Loca...}, fedcm:accounts: true, goog:chromeOptions: {debuggerAddress: localhost:55187}, networkConnectionEnabled: false, pageLoadStrategy: normal, platformName: windows, proxy: Proxy(), se:cdp: ws://localhost:55187/devtoo..., se:cdpVersion: 134.0.6998.89, setWindowRect: true, strictFileInteractability: false, timeouts: {implicit: 0, pageLoad: 300000, script: 30000}, unhandledPromptBehavior: dismiss and notify, webauthn:extension:credBlob: true, webauthn:extension:largeBlob: true, webauthn:extension:minPinLength: true, webauthn:extension:prf: true, webauthn:virtualAuthenticators: true}
Session ID: 6b35bfca721d3145258a8d0cc5d1106b" type="org.openqa.selenium.UnhandledAlertException">
      <![CDATA[org.openqa.selenium.UnhandledAlertException: unexpected alert open: {Alert text : Wrong password.}
  (Session info: chrome=134.0.6998.89): Wrong password.
Build info: version: '4.29.0', revision: '5fc1ec94cb'
System info: os.name: 'Windows 11', os.arch: 'amd64', os.version: '10.0', java.version: '21.0.6'
Driver info: org.openqa.selenium.chrome.ChromeDriver
Command: [6b35bfca721d3145258a8d0cc5d1106b, findElement {using=id, value=logout2}]
Capabilities {acceptInsecureCerts: false, browserName: chrome, browserVersion: 134.0.6998.89, chrome: {chromedriverVersion: 134.0.6998.165 (fd886e2cb29..., userDataDir: C:\Users\bhara\AppData\Loca...}, fedcm:accounts: true, goog:chromeOptions: {debuggerAddress: localhost:55187}, networkConnectionEnabled: false, pageLoadStrategy: normal, platformName: windows, proxy: Proxy(), se:cdp: ws://localhost:55187/devtoo..., se:cdpVersion: 134.0.6998.89, setWindowRect: true, strictFileInteractability: false, timeouts: {implicit: 0, pageLoad: 300000, script: 30000}, unhandledPromptBehavior: dismiss and notify, webauthn:extension:credBlob: true, webauthn:extension:largeBlob: true, webauthn:extension:minPinLength: true, webauthn:extension:prf: true, webauthn:virtualAuthenticators: true}
Session ID: 6b35bfca721d3145258a8d0cc5d1106b
at org.openqa.selenium.remote.codec.w3c.W3CHttpResponseCodec.decode(W3CHttpResponseCodec.java:136)
at org.openqa.selenium.remote.codec.w3c.W3CHttpResponseCodec.decode(W3CHttpResponseCodec.java:50)
at org.openqa.selenium.remote.HttpCommandExecutor.execute(HttpCommandExecutor.java:215)
at org.openqa.selenium.remote.service.DriverCommandExecutor.invokeExecute(DriverCommandExecutor.java:216)
at org.openqa.selenium.remote.service.DriverCommandExecutor.execute(DriverCommandExecutor.java:174)
at org.openqa.selenium.remote.RemoteWebDriver.execute(RemoteWebDriver.java:545)
at org.openqa.selenium.remote.ElementLocation$ElementFinder$2.findElement(ElementLocation.java:165)
at org.openqa.selenium.remote.ElementLocation.findElement(ElementLocation.java:59)
at org.openqa.selenium.remote.RemoteWebDriver.findElement(RemoteWebDriver.java:368)
at org.openqa.selenium.remote.RemoteWebDriver.findElement(RemoteWebDriver.java:362)
at org.openqa.selenium.support.ui.ExpectedConditions$7.apply(ExpectedConditions.java:194)
at org.openqa.selenium.support.ui.ExpectedConditions$7.apply(ExpectedConditions.java:190)
at org.openqa.selenium.support.ui.ExpectedConditions$22.apply(ExpectedConditions.java:627)
at org.openqa.selenium.support.ui.ExpectedConditions$22.apply(ExpectedConditions.java:624)
at org.openqa.selenium.support.ui.FluentWait.until(FluentWait.java:203)
at pages.DemoBlazeHomePage.clickLogout(DemoBlazeHomePage.java:28)
at steps.StepDefinitions.the_home_page_should_be_displayed_with_signout_link(StepDefinitions.java:51)
at ✽.the home page should be displayed with signout link(file:///D:/edureka16/workspace/seleniumbddautomationproject/features/LoginWithScenarioOutlineExample.feature:19)
]]>
    </error>
    <system-out>
      <![CDATA[Opened the Browser
Launched the browser with the URL:=https://www.demoblaze.com/index.html
Clicked the field with locator:=By.id: login2
Set the field with locator:=By.id: loginusername with value:=bharathedu2
Set the field with locator:=By.id: loginpassword with value:=welcome2
Clicked the field with locator:=By.xpath: //button[text()='Log in']]]>
    </system-out>
  </testcase> <!-- runScenario -->
  <testcase classname="runners.RunnerTest2" name="runScenario" time="6.947">
    <system-out>
      <![CDATA[Opened the Browser
Launched the browser with the URL:=https://www.demoblaze.com/index.html
Clicked the field with locator:=By.id: login2
Set the field with locator:=By.id: loginusername with value:=bharathedu1
Set the field with locator:=By.id: loginpassword with value:=123456
Clicked the field with locator:=By.xpath: //button[text()='Log in']
Clicked the field with locator:=By.id: logout2]]>
    </system-out>
  </testcase> <!-- runScenario -->
  <testcase classname="runners.RunnerTest2" name="runScenario" time="9.538">
    <system-out>
      <![CDATA[Opened the Browser
Launched the browser with the URL:=https://www.demoblaze.com/index.html
Clicked the field with locator:=By.id: login2
Set the field with locator:=By.id: loginusername with value:=bharathedu1
Set the field with locator:=By.id: loginpassword with value:=123456
Clicked the field with locator:=By.xpath: //button[text()='Log in']
Clicked the field with locator:=By.id: logout2]]>
    </system-out>
  </testcase> <!-- runScenario -->
  <system-out>
    <![CDATA[Opened the Browser
Launched the browser with the URL:=https://www.demoblaze.com/index.html
Clicked the field with locator:=By.id: login2
Set the field with locator:=By.id: loginusername with value:=bharathedu1
Set the field with locator:=By.id: loginpassword with value:=123456
Clicked the field with locator:=By.xpath: //button[text()='Log in']
Clicked the field with locator:=By.id: logout2
Opened the Browser
Launched the browser with the URL:=https://www.demoblaze.com/index.html
Clicked the field with locator:=By.id: login2
Set the field with locator:=By.id: loginusername with value:=bharathedu1
Set the field with locator:=By.id: loginpassword with value:=308049
Clicked the field with locator:=By.xpath: //button[text()='Log in']
Opened the Browser
Launched the browser with the URL:=https://www.demoblaze.com/index.html
Clicked the field with locator:=By.id: login2
Set the field with locator:=By.id: loginusername with value:=bharathedu1
Set the field with locator:=By.id: loginpassword with value:=123456
Clicked the field with locator:=By.xpath: //button[text()='Log in']
Clicked the field with locator:=By.id: logout2
Opened the Browser
Launched the browser with the URL:=https://www.demoblaze.com/index.html
Clicked the field with locator:=By.id: login2
Set the field with locator:=By.id: loginusername with value:=bharathedu1
Set the field with locator:=By.id: loginpassword with value:=123456
Clicked the field with locator:=By.xpath: //button[text()='Log in']
Clicked the field with locator:=By.id: logout2
Opened the Browser
Launched the browser with the URL:=https://www.demoblaze.com/index.html
Clicked the field with locator:=By.id: login2
Set the field with locator:=By.id: loginusername with value:=bharathedu2
Set the field with locator:=By.id: loginpassword with value:=welcome1
Clicked the field with locator:=By.xpath: //button[text()='Log in']
Opened the Browser
Launched the browser with the URL:=https://www.demoblaze.com/index.html
Clicked the field with locator:=By.id: login2
Set the field with locator:=By.id: loginusername with value:=bharathedu2
Set the field with locator:=By.id: loginpassword with value:=welcome2
Clicked the field with locator:=By.xpath: //button[text()='Log in']]]>
  </system-out>
</testsuite> <!-- runners.RunnerTest2 -->
